<?xml version="1.0" encoding="UTF-8"?>
<testng-results ignored="0" total="1" passed="1" failed="0" skipped="0">
  <reporter-output>
  </reporter-output>
  <suite started-at="2024-11-20T18:38:27 IST" name="Default suite" finished-at="2024-11-20T18:39:40 IST" duration-ms="73460">
    <groups>
    </groups>
    <test started-at="2024-11-20T18:38:27 IST" name="Default test" finished-at="2024-11-20T18:39:40 IST" duration-ms="73460">
      <class name="testpackage.PaymentTest">
        <test-method is-config="true" signature="browser_seup()[pri:0, instance:testpackage.PaymentTest@31190526]" started-at="2024-11-20T18:38:27 IST" name="browser_seup" finished-at="2024-11-20T18:38:41 IST" duration-ms="13732" status="PASS">
          <reporter-output>
          </reporter-output>
        </test-method> <!-- browser_seup -->
        <test-method signature="product()[pri:0, instance:testpackage.PaymentTest@31190526]" started-at="2024-11-20T18:38:41 IST" name="product" finished-at="2024-11-20T18:39:40 IST" duration-ms="59591" status="PASS">
          <reporter-output>
          </reporter-output>
        </test-method> <!-- product -->
        <test-method is-config="true" signature="postcondition()[pri:0, instance:testpackage.PaymentTest@31190526]" started-at="2024-11-20T18:39:40 IST" name="postcondition" finished-at="2024-11-20T18:39:40 IST" duration-ms="0" status="PASS">
          <reporter-output>
          </reporter-output>
        </test-method> <!-- postcondition -->
      </class> <!-- testpackage.PaymentTest -->
    </test> <!-- Default test -->
  </suite> <!-- Default suite -->
</testng-results>
